{"C:\\Users\\emers\\OneDrive\\Documentos\\cursos\\repositorios\\telefonica\\backend\\src\\plans\\application\\usecases\\create-plan.usecase.ts": {"path":"C:\\Users\\emers\\OneDrive\\Documentos\\cursos\\repositorios\\telefonica\\backend\\src\\plans\\application\\usecases\\create-plan.usecase.ts","statementMap":{"0":{"start":{"line":1,"column":0},"end":{"line":1,"column":77}},"1":{"start":{"line":6,"column":31},"end":{"line":6,"column":61}},"2":{"start":{"line":8,"column":23},"end":{"line":8,"column":71}},"3":{"start":{"line":9,"column":4},"end":{"line":11,"column":5}},"4":{"start":{"line":10,"column":6},"end":{"line":10,"column":58}},"5":{"start":{"line":12,"column":20},"end":{"line":12,"column":59}},"6":{"start":{"line":13,"column":4},"end":{"line":13,"column":19}},"7":{"start":{"line":5,"column":0},"end":{"line":5,"column":13}}},"fnMap":{"0":{"name":"(anonymous_0)","decl":{"start":{"line":6,"column":2},"end":{"line":6,"column":31}},"loc":{"start":{"line":6,"column":61},"end":{"line":6,"column":65}}},"1":{"name":"(anonymous_1)","decl":{"start":{"line":7,"column":2},"end":{"line":7,"column":7}},"loc":{"start":{"line":7,"column":38},"end":{"line":14,"column":3}}}},"branchMap":{"0":{"loc":{"start":{"line":9,"column":4},"end":{"line":11,"column":5}},"type":"if","locations":[{"start":{"line":9,"column":4},"end":{"line":11,"column":5}},{"start":{},"end":{}}]}},"s":{"0":1,"1":2,"2":2,"3":2,"4":1,"5":1,"6":1,"7":1},"f":{"0":2,"1":2},"b":{"0":[1,1]}}
,"C:\\Users\\emers\\OneDrive\\Documentos\\cursos\\repositorios\\telefonica\\backend\\src\\plans\\application\\usecases\\delete-plan.usecase.ts": {"path":"C:\\Users\\emers\\OneDrive\\Documentos\\cursos\\repositorios\\telefonica\\backend\\src\\plans\\application\\usecases\\delete-plan.usecase.ts","statementMap":{"0":{"start":{"line":1,"column":0},"end":{"line":1,"column":78}},"1":{"start":{"line":6,"column":31},"end":{"line":6,"column":61}},"2":{"start":{"line":9,"column":25},"end":{"line":9,"column":67}},"3":{"start":{"line":11,"column":4},"end":{"line":13,"column":5}},"4":{"start":{"line":12,"column":6},"end":{"line":12,"column":66}},"5":{"start":{"line":15,"column":4},"end":{"line":15,"column":45}},"6":{"start":{"line":5,"column":0},"end":{"line":5,"column":13}}},"fnMap":{"0":{"name":"(anonymous_0)","decl":{"start":{"line":6,"column":2},"end":{"line":6,"column":31}},"loc":{"start":{"line":6,"column":61},"end":{"line":6,"column":65}}},"1":{"name":"(anonymous_1)","decl":{"start":{"line":8,"column":2},"end":{"line":8,"column":7}},"loc":{"start":{"line":8,"column":30},"end":{"line":16,"column":3}}}},"branchMap":{"0":{"loc":{"start":{"line":11,"column":4},"end":{"line":13,"column":5}},"type":"if","locations":[{"start":{"line":11,"column":4},"end":{"line":13,"column":5}},{"start":{},"end":{}}]}},"s":{"0":1,"1":2,"2":2,"3":2,"4":1,"5":1,"6":1},"f":{"0":2,"1":2},"b":{"0":[1,1]}}
,"C:\\Users\\emers\\OneDrive\\Documentos\\cursos\\repositorios\\telefonica\\backend\\src\\plans\\application\\usecases\\find-plan-by-id.usecase.ts": {"path":"C:\\Users\\emers\\OneDrive\\Documentos\\cursos\\repositorios\\telefonica\\backend\\src\\plans\\application\\usecases\\find-plan-by-id.usecase.ts","statementMap":{"0":{"start":{"line":1,"column":0},"end":{"line":1,"column":78}},"1":{"start":{"line":6,"column":31},"end":{"line":6,"column":61}},"2":{"start":{"line":9,"column":25},"end":{"line":9,"column":67}},"3":{"start":{"line":11,"column":4},"end":{"line":13,"column":5}},"4":{"start":{"line":12,"column":6},"end":{"line":12,"column":66}},"5":{"start":{"line":15,"column":4},"end":{"line":15,"column":24}},"6":{"start":{"line":5,"column":0},"end":{"line":5,"column":13}}},"fnMap":{"0":{"name":"(anonymous_0)","decl":{"start":{"line":6,"column":2},"end":{"line":6,"column":31}},"loc":{"start":{"line":6,"column":61},"end":{"line":6,"column":65}}},"1":{"name":"(anonymous_1)","decl":{"start":{"line":8,"column":2},"end":{"line":8,"column":7}},"loc":{"start":{"line":8,"column":30},"end":{"line":16,"column":3}}}},"branchMap":{"0":{"loc":{"start":{"line":11,"column":4},"end":{"line":13,"column":5}},"type":"if","locations":[{"start":{"line":11,"column":4},"end":{"line":13,"column":5}},{"start":{},"end":{}}]}},"s":{"0":1,"1":2,"2":2,"3":2,"4":1,"5":1,"6":1},"f":{"0":2,"1":2},"b":{"0":[1,1]}}
,"C:\\Users\\emers\\OneDrive\\Documentos\\cursos\\repositorios\\telefonica\\backend\\src\\plans\\application\\usecases\\list-plans.usecase.ts": {"path":"C:\\Users\\emers\\OneDrive\\Documentos\\cursos\\repositorios\\telefonica\\backend\\src\\plans\\application\\usecases\\list-plans.usecase.ts","statementMap":{"0":{"start":{"line":5,"column":31},"end":{"line":5,"column":61}},"1":{"start":{"line":8,"column":4},"end":{"line":8,"column":41}},"2":{"start":{"line":4,"column":0},"end":{"line":4,"column":13}}},"fnMap":{"0":{"name":"(anonymous_0)","decl":{"start":{"line":5,"column":2},"end":{"line":5,"column":31}},"loc":{"start":{"line":5,"column":61},"end":{"line":5,"column":65}}},"1":{"name":"(anonymous_1)","decl":{"start":{"line":7,"column":2},"end":{"line":7,"column":7}},"loc":{"start":{"line":7,"column":15},"end":{"line":9,"column":3}}}},"branchMap":{},"s":{"0":1,"1":1,"2":1},"f":{"0":1,"1":1},"b":{}}
,"C:\\Users\\emers\\OneDrive\\Documentos\\cursos\\repositorios\\telefonica\\backend\\src\\plans\\application\\usecases\\update-plan.usecase.ts": {"path":"C:\\Users\\emers\\OneDrive\\Documentos\\cursos\\repositorios\\telefonica\\backend\\src\\plans\\application\\usecases\\update-plan.usecase.ts","statementMap":{"0":{"start":{"line":1,"column":0},"end":{"line":1,"column":77}},"1":{"start":{"line":2,"column":0},"end":{"line":2,"column":78}},"2":{"start":{"line":8,"column":31},"end":{"line":8,"column":61}},"3":{"start":{"line":11,"column":30},"end":{"line":11,"column":74}},"4":{"start":{"line":12,"column":4},"end":{"line":14,"column":5}},"5":{"start":{"line":13,"column":6},"end":{"line":13,"column":48}},"6":{"start":{"line":15,"column":4},"end":{"line":21,"column":5}},"7":{"start":{"line":17,"column":8},"end":{"line":17,"column":56}},"8":{"start":{"line":18,"column":6},"end":{"line":20,"column":7}},"9":{"start":{"line":19,"column":8},"end":{"line":19,"column":60}},"10":{"start":{"line":22,"column":4},"end":{"line":22,"column":61}},"11":{"start":{"line":7,"column":0},"end":{"line":7,"column":13}}},"fnMap":{"0":{"name":"(anonymous_0)","decl":{"start":{"line":8,"column":2},"end":{"line":8,"column":31}},"loc":{"start":{"line":8,"column":61},"end":{"line":8,"column":65}}},"1":{"name":"(anonymous_1)","decl":{"start":{"line":10,"column":2},"end":{"line":10,"column":7}},"loc":{"start":{"line":10,"column":38},"end":{"line":23,"column":3}}}},"branchMap":{"0":{"loc":{"start":{"line":12,"column":4},"end":{"line":14,"column":5}},"type":"if","locations":[{"start":{"line":12,"column":4},"end":{"line":14,"column":5}},{"start":{},"end":{}}]},"1":{"loc":{"start":{"line":15,"column":4},"end":{"line":21,"column":5}},"type":"if","locations":[{"start":{"line":15,"column":4},"end":{"line":21,"column":5}},{"start":{},"end":{}}]},"2":{"loc":{"start":{"line":18,"column":6},"end":{"line":20,"column":7}},"type":"if","locations":[{"start":{"line":18,"column":6},"end":{"line":20,"column":7}},{"start":{},"end":{}}]},"3":{"loc":{"start":{"line":18,"column":10},"end":{"line":18,"column":70}},"type":"binary-expr","locations":[{"start":{"line":18,"column":10},"end":{"line":18,"column":30}},{"start":{"line":18,"column":34},"end":{"line":18,"column":70}}]}},"s":{"0":1,"1":1,"2":5,"3":5,"4":5,"5":1,"6":4,"7":3,"8":3,"9":1,"10":3,"11":1},"f":{"0":5,"1":5},"b":{"0":[1,4],"1":[3,1],"2":[1,2],"3":[3,2]}}
,"C:\\Users\\emers\\OneDrive\\Documentos\\cursos\\repositorios\\telefonica\\backend\\src\\plans\\domain\\entities\\plan.entity.ts": {"path":"C:\\Users\\emers\\OneDrive\\Documentos\\cursos\\repositorios\\telefonica\\backend\\src\\plans\\domain\\entities\\plan.entity.ts","statementMap":{"0":{"start":{"line":3,"column":20},"end":{"line":3,"column":30}},"1":{"start":{"line":4,"column":11},"end":{"line":4,"column":23}},"2":{"start":{"line":5,"column":11},"end":{"line":5,"column":37}},"3":{"start":{"line":6,"column":11},"end":{"line":6,"column":24}},"4":{"start":{"line":7,"column":11},"end":{"line":7,"column":39}},"5":{"start":{"line":8,"column":11},"end":{"line":8,"column":31}},"6":{"start":{"line":9,"column":11},"end":{"line":9,"column":27}},"7":{"start":{"line":10,"column":11},"end":{"line":10,"column":26}},"8":{"start":{"line":11,"column":11},"end":{"line":11,"column":26}},"9":{"start":{"line":1,"column":0},"end":{"line":1,"column":13}}},"fnMap":{"0":{"name":"(anonymous_0)","decl":{"start":{"line":2,"column":2},"end":{"line":2,"column":null}},"loc":{"start":{"line":11,"column":26},"end":{"line":12,"column":6}}}},"branchMap":{},"s":{"0":13,"1":13,"2":13,"3":13,"4":13,"5":13,"6":13,"7":13,"8":13,"9":5},"f":{"0":13},"b":{}}
,"C:\\Users\\emers\\OneDrive\\Documentos\\cursos\\repositorios\\telefonica\\backend\\src\\users\\application\\usecases\\login.usecase.ts": {"path":"C:\\Users\\emers\\OneDrive\\Documentos\\cursos\\repositorios\\telefonica\\backend\\src\\users\\application\\usecases\\login.usecase.ts","statementMap":{"0":{"start":{"line":1,"column":1},"end":{"line":1,"column":86}},"1":{"start":{"line":9,"column":21},"end":{"line":9,"column":51}},"2":{"start":{"line":10,"column":21},"end":{"line":10,"column":47}},"3":{"start":{"line":11,"column":21},"end":{"line":11,"column":49}},"4":{"start":{"line":15,"column":15},"end":{"line":15,"column":70}},"5":{"start":{"line":17,"column":4},"end":{"line":19,"column":5}},"6":{"start":{"line":18,"column":6},"end":{"line":18,"column":67}},"7":{"start":{"line":21,"column":4},"end":{"line":23,"column":5}},"8":{"start":{"line":22,"column":6},"end":{"line":22,"column":57}},"9":{"start":{"line":25,"column":26},"end":{"line":27,"column":null}},"10":{"start":{"line":30,"column":4},"end":{"line":32,"column":5}},"11":{"start":{"line":31,"column":6},"end":{"line":31,"column":57}},"12":{"start":{"line":34,"column":20},"end":{"line":34,"column":72}},"13":{"start":{"line":35,"column":25},"end":{"line":35,"column":67}},"14":{"start":{"line":37,"column":4},"end":{"line":37,"column":28}},"15":{"start":{"line":7,"column":0},"end":{"line":7,"column":13}}},"fnMap":{"0":{"name":"(anonymous_0)","decl":{"start":{"line":8,"column":2},"end":{"line":8,"column":null}},"loc":{"start":{"line":11,"column":49},"end":{"line":12,"column":6}}},"1":{"name":"(anonymous_1)","decl":{"start":{"line":14,"column":2},"end":{"line":14,"column":7}},"loc":{"start":{"line":14,"column":33},"end":{"line":38,"column":3}}}},"branchMap":{"0":{"loc":{"start":{"line":17,"column":4},"end":{"line":19,"column":5}},"type":"if","locations":[{"start":{"line":17,"column":4},"end":{"line":19,"column":5}},{"start":{},"end":{}}]},"1":{"loc":{"start":{"line":21,"column":4},"end":{"line":23,"column":5}},"type":"if","locations":[{"start":{"line":21,"column":4},"end":{"line":23,"column":5}},{"start":{},"end":{}}]},"2":{"loc":{"start":{"line":30,"column":4},"end":{"line":32,"column":5}},"type":"if","locations":[{"start":{"line":30,"column":4},"end":{"line":32,"column":5}},{"start":{},"end":{}}]}},"s":{"0":1,"1":4,"2":4,"3":4,"4":4,"5":4,"6":2,"7":4,"8":1,"9":3,"10":3,"11":1,"12":2,"13":2,"14":2,"15":1},"f":{"0":4,"1":4},"b":{"0":[2,2],"1":[1,3],"2":[1,2]}}
,"C:\\Users\\emers\\OneDrive\\Documentos\\cursos\\repositorios\\telefonica\\backend\\src\\users\\application\\usecases\\register-user.usecase.ts": {"path":"C:\\Users\\emers\\OneDrive\\Documentos\\cursos\\repositorios\\telefonica\\backend\\src\\users\\application\\usecases\\register-user.usecase.ts","statementMap":{"0":{"start":{"line":1,"column":0},"end":{"line":1,"column":77}},"1":{"start":{"line":8,"column":21},"end":{"line":8,"column":51}},"2":{"start":{"line":9,"column":21},"end":{"line":9,"column":47}},"3":{"start":{"line":13,"column":24},"end":{"line":13,"column":74}},"4":{"start":{"line":14,"column":4},"end":{"line":16,"column":5}},"5":{"start":{"line":15,"column":6},"end":{"line":15,"column":55}},"6":{"start":{"line":18,"column":22},"end":{"line":18,"column":68}},"7":{"start":{"line":19,"column":4},"end":{"line":21,"column":5}},"8":{"start":{"line":20,"column":6},"end":{"line":20,"column":52}},"9":{"start":{"line":23,"column":27},"end":{"line":23,"column":71}},"10":{"start":{"line":25,"column":20},"end":{"line":30,"column":6}},"11":{"start":{"line":32,"column":4},"end":{"line":32,"column":19}},"12":{"start":{"line":6,"column":0},"end":{"line":6,"column":13}}},"fnMap":{"0":{"name":"(anonymous_0)","decl":{"start":{"line":7,"column":2},"end":{"line":7,"column":null}},"loc":{"start":{"line":9,"column":47},"end":{"line":10,"column":6}}},"1":{"name":"(anonymous_1)","decl":{"start":{"line":12,"column":2},"end":{"line":12,"column":7}},"loc":{"start":{"line":12,"column":40},"end":{"line":33,"column":3}}}},"branchMap":{"0":{"loc":{"start":{"line":14,"column":4},"end":{"line":16,"column":5}},"type":"if","locations":[{"start":{"line":14,"column":4},"end":{"line":16,"column":5}},{"start":{},"end":{}}]},"1":{"loc":{"start":{"line":19,"column":4},"end":{"line":21,"column":5}},"type":"if","locations":[{"start":{"line":19,"column":4},"end":{"line":21,"column":5}},{"start":{},"end":{}}]}},"s":{"0":1,"1":3,"2":3,"3":3,"4":3,"5":1,"6":2,"7":2,"8":1,"9":1,"10":1,"11":1,"12":1},"f":{"0":3,"1":3},"b":{"0":[1,2],"1":[1,1]}}
,"C:\\Users\\emers\\OneDrive\\Documentos\\cursos\\repositorios\\telefonica\\backend\\src\\users\\domain\\entities\\user.entity.ts": {"path":"C:\\Users\\emers\\OneDrive\\Documentos\\cursos\\repositorios\\telefonica\\backend\\src\\users\\domain\\entities\\user.entity.ts","statementMap":{"0":{"start":{"line":3,"column":20},"end":{"line":3,"column":30}},"1":{"start":{"line":4,"column":11},"end":{"line":4,"column":23}},"2":{"start":{"line":5,"column":11},"end":{"line":5,"column":24}},"3":{"start":{"line":6,"column":11},"end":{"line":6,"column":22}},"4":{"start":{"line":7,"column":11},"end":{"line":7,"column":31}},"5":{"start":{"line":8,"column":11},"end":{"line":8,"column":26}},"6":{"start":{"line":9,"column":11},"end":{"line":9,"column":26}},"7":{"start":{"line":1,"column":1},"end":{"line":1,"column":14}}},"fnMap":{"0":{"name":"(anonymous_0)","decl":{"start":{"line":2,"column":2},"end":{"line":2,"column":null}},"loc":{"start":{"line":9,"column":26},"end":{"line":10,"column":6}}}},"branchMap":{},"s":{"0":2,"1":2,"2":2,"3":2,"4":2,"5":2,"6":2,"7":2},"f":{"0":2},"b":{}}
}
