TN:
SF:src\plans\application\usecases\create-plan.usecase.ts
FN:6,(anonymous_0)
FN:7,(anonymous_1)
FNF:2
FNH:2
FNDA:2,(anonymous_0)
FNDA:2,(anonymous_1)
DA:1,1
DA:5,1
DA:6,2
DA:8,2
DA:9,2
DA:10,1
DA:12,1
DA:13,1
LF:8
LH:8
BRDA:9,0,0,1
BRDA:9,0,1,1
BRF:2
BRH:2
end_of_record
TN:
SF:src\plans\application\usecases\delete-plan.usecase.ts
FN:6,(anonymous_0)
FN:8,(anonymous_1)
FNF:2
FNH:2
FNDA:2,(anonymous_0)
FNDA:2,(anonymous_1)
DA:1,1
DA:5,1
DA:6,2
DA:9,2
DA:11,2
DA:12,1
DA:15,1
LF:7
LH:7
BRDA:11,0,0,1
BRDA:11,0,1,1
BRF:2
BRH:2
end_of_record
TN:
SF:src\plans\application\usecases\find-plan-by-id.usecase.ts
FN:6,(anonymous_0)
FN:8,(anonymous_1)
FNF:2
FNH:2
FNDA:2,(anonymous_0)
FNDA:2,(anonymous_1)
DA:1,1
DA:5,1
DA:6,2
DA:9,2
DA:11,2
DA:12,1
DA:15,1
LF:7
LH:7
BRDA:11,0,0,1
BRDA:11,0,1,1
BRF:2
BRH:2
end_of_record
TN:
SF:src\plans\application\usecases\list-plans.usecase.ts
FN:5,(anonymous_0)
FN:7,(anonymous_1)
FNF:2
FNH:2
FNDA:1,(anonymous_0)
FNDA:1,(anonymous_1)
DA:4,1
DA:5,1
DA:8,1
LF:3
LH:3
BRF:0
BRH:0
end_of_record
TN:
SF:src\plans\application\usecases\update-plan.usecase.ts
FN:8,(anonymous_0)
FN:10,(anonymous_1)
FNF:2
FNH:2
FNDA:5,(anonymous_0)
FNDA:5,(anonymous_1)
DA:1,1
DA:2,1
DA:7,1
DA:8,5
DA:11,5
DA:12,5
DA:13,1
DA:15,4
DA:17,3
DA:18,3
DA:19,1
DA:22,3
LF:12
LH:12
BRDA:12,0,0,1
BRDA:12,0,1,4
BRDA:15,1,0,3
BRDA:15,1,1,1
BRDA:18,2,0,1
BRDA:18,2,1,2
BRDA:18,3,0,3
BRDA:18,3,1,2
BRF:8
BRH:8
end_of_record
TN:
SF:src\plans\domain\entities\plan.entity.ts
FN:2,(anonymous_0)
FNF:1
FNH:1
FNDA:13,(anonymous_0)
DA:1,5
DA:3,13
DA:4,13
DA:5,13
DA:6,13
DA:7,13
DA:8,13
DA:9,13
DA:10,13
DA:11,13
LF:10
LH:10
BRF:0
BRH:0
end_of_record
TN:
SF:src\users\application\usecases\login.usecase.ts
FN:8,(anonymous_0)
FN:14,(anonymous_1)
FNF:2
FNH:2
FNDA:4,(anonymous_0)
FNDA:4,(anonymous_1)
DA:1,1
DA:7,1
DA:9,4
DA:10,4
DA:11,4
DA:15,4
DA:17,4
DA:18,2
DA:21,4
DA:22,1
DA:25,3
DA:30,3
DA:31,1
DA:34,2
DA:35,2
DA:37,2
LF:16
LH:16
BRDA:17,0,0,2
BRDA:17,0,1,2
BRDA:21,1,0,1
BRDA:21,1,1,3
BRDA:30,2,0,1
BRDA:30,2,1,2
BRF:6
BRH:6
end_of_record
TN:
SF:src\users\application\usecases\register-user.usecase.ts
FN:7,(anonymous_0)
FN:12,(anonymous_1)
FNF:2
FNH:2
FNDA:3,(anonymous_0)
FNDA:3,(anonymous_1)
DA:1,1
DA:6,1
DA:8,3
DA:9,3
DA:13,3
DA:14,3
DA:15,1
DA:18,2
DA:19,2
DA:20,1
DA:23,1
DA:25,1
DA:32,1
LF:13
LH:13
BRDA:14,0,0,1
BRDA:14,0,1,2
BRDA:19,1,0,1
BRDA:19,1,1,1
BRF:4
BRH:4
end_of_record
TN:
SF:src\users\domain\entities\user.entity.ts
FN:2,(anonymous_0)
FNF:1
FNH:1
FNDA:2,(anonymous_0)
DA:1,2
DA:3,2
DA:4,2
DA:5,2
DA:6,2
DA:7,2
DA:8,2
DA:9,2
LF:8
LH:8
BRF:0
BRH:0
end_of_record
